<?xml version="1.0" encoding="UTF-8"?>
<testng-results ignored="0" total="1" passed="1" failed="0" skipped="0">
  <reporter-output>
  </reporter-output>
  <suite started-at="2024-07-31T11:35:23 IST" name="Default suite" finished-at="2024-07-31T11:35:58 IST" duration-ms="34404">
    <groups>
    </groups>
    <test started-at="2024-07-31T11:35:23 IST" name="Default test" finished-at="2024-07-31T11:35:58 IST" duration-ms="34404">
      <class name="com.ShoppersStack_Akash.verify_user_is_able_delet_or_not_Test">
        <test-method is-config="true" signature="beforeSuite()[pri:0, instance:com.ShoppersStack_Akash.verify_user_is_able_delet_or_not_Test@45752059]" started-at="2024-07-31T11:35:23 IST" name="beforeSuite" finished-at="2024-07-31T11:35:23 IST" duration-ms="16" status="PASS">
          <reporter-output>
          </reporter-output>
        </test-method> <!-- beforeSuite -->
        <test-method is-config="true" signature="beforeTest()[pri:0, instance:com.ShoppersStack_Akash.verify_user_is_able_delet_or_not_Test@45752059]" started-at="2024-07-31T11:35:23 IST" name="beforeTest" finished-at="2024-07-31T11:35:24 IST" duration-ms="252" status="PASS">
          <reporter-output>
          </reporter-output>
        </test-method> <!-- beforeTest -->
        <test-method is-config="true" signature="beforeClass()[pri:0, instance:com.ShoppersStack_Akash.verify_user_is_able_delet_or_not_Test@45752059]" started-at="2024-07-31T11:35:24 IST" name="beforeClass" finished-at="2024-07-31T11:35:27 IST" duration-ms="3747" status="PASS">
          <reporter-output>
          </reporter-output>
        </test-method> <!-- beforeClass -->
        <test-method is-config="true" signature="beforeMethods()[pri:0, instance:com.ShoppersStack_Akash.verify_user_is_able_delet_or_not_Test@45752059]" started-at="2024-07-31T11:35:27 IST" name="beforeMethods" finished-at="2024-07-31T11:35:45 IST" duration-ms="18121" status="PASS">
          <reporter-output>
          </reporter-output>
        </test-method> <!-- beforeMethods -->
        <test-method signature="deletAdress()[pri:0, instance:com.ShoppersStack_Akash.verify_user_is_able_delet_or_not_Test@45752059]" started-at="2024-07-31T11:35:45 IST" name="deletAdress" finished-at="2024-07-31T11:35:53 IST" duration-ms="7154" status="PASS">
          <reporter-output>
          </reporter-output>
        </test-method> <!-- deletAdress -->
        <test-method is-config="true" signature="afterMethod()[pri:0, instance:com.ShoppersStack_Akash.verify_user_is_able_delet_or_not_Test@45752059]" started-at="2024-07-31T11:35:53 IST" name="afterMethod" finished-at="2024-07-31T11:35:54 IST" duration-ms="950" status="PASS">
          <reporter-output>
          </reporter-output>
        </test-method> <!-- afterMethod -->
        <test-method is-config="true" signature="afterClass()[pri:0, instance:com.ShoppersStack_Akash.verify_user_is_able_delet_or_not_Test@45752059]" started-at="2024-07-31T11:35:54 IST" name="afterClass" finished-at="2024-07-31T11:35:57 IST" duration-ms="3402" status="PASS">
          <reporter-output>
          </reporter-output>
        </test-method> <!-- afterClass -->
        <test-method is-config="true" signature="afterTest()[pri:0, instance:com.ShoppersStack_Akash.verify_user_is_able_delet_or_not_Test@45752059]" started-at="2024-07-31T11:35:57 IST" name="afterTest" finished-at="2024-07-31T11:35:58 IST" duration-ms="717" status="PASS">
          <reporter-output>
          </reporter-output>
        </test-method> <!-- afterTest -->
        <test-method is-config="true" signature="aftersuite()[pri:0, instance:com.ShoppersStack_Akash.verify_user_is_able_delet_or_not_Test@45752059]" started-at="2024-07-31T11:35:58 IST" name="aftersuite" finished-at="2024-07-31T11:35:58 IST" duration-ms="0" status="PASS">
          <reporter-output>
          </reporter-output>
        </test-method> <!-- aftersuite -->
      </class> <!-- com.ShoppersStack_Akash.verify_user_is_able_delet_or_not_Test -->
    </test> <!-- Default test -->
  </suite> <!-- Default suite -->
</testng-results>
