<?xml version="1.0" encoding="UTF-8"?>
<testng-results ignored="0" total="1" passed="1" failed="0" skipped="0">
  <reporter-output>
  </reporter-output>
  <suite started-at="2024-07-30T12:15:06 IST" name="Default suite" finished-at="2024-07-30T12:15:38 IST" duration-ms="32073">
    <groups>
    </groups>
    <test started-at="2024-07-30T12:15:06 IST" name="Default test" finished-at="2024-07-30T12:15:38 IST" duration-ms="32073">
      <class name="com.ShoppersStack_Akash.Verify_user_is_able_to_add_adress_or_not">
        <test-method is-config="true" signature="beforeSuite()[pri:0, instance:com.ShoppersStack_Akash.Verify_user_is_able_to_add_adress_or_not@40a4337a]" started-at="2024-07-30T12:15:06 IST" name="beforeSuite" finished-at="2024-07-30T12:15:06 IST" duration-ms="31" status="PASS">
          <reporter-output>
          </reporter-output>
        </test-method> <!-- beforeSuite -->
        <test-method is-config="true" signature="beforeTest()[pri:0, instance:com.ShoppersStack_Akash.Verify_user_is_able_to_add_adress_or_not@40a4337a]" started-at="2024-07-30T12:15:06 IST" name="beforeTest" finished-at="2024-07-30T12:15:06 IST" duration-ms="459" status="PASS">
          <reporter-output>
          </reporter-output>
        </test-method> <!-- beforeTest -->
        <test-method is-config="true" signature="beforeClass()[pri:0, instance:com.ShoppersStack_Akash.Verify_user_is_able_to_add_adress_or_not@40a4337a]" started-at="2024-07-30T12:15:06 IST" name="beforeClass" finished-at="2024-07-30T12:15:12 IST" duration-ms="5913" status="PASS">
          <reporter-output>
          </reporter-output>
        </test-method> <!-- beforeClass -->
        <test-method is-config="true" signature="beforeMethods()[pri:0, instance:com.ShoppersStack_Akash.Verify_user_is_able_to_add_adress_or_not@40a4337a]" started-at="2024-07-30T12:15:12 IST" name="beforeMethods" finished-at="2024-07-30T12:15:24 IST" duration-ms="11557" status="PASS">
          <reporter-output>
          </reporter-output>
        </test-method> <!-- beforeMethods -->
        <test-method signature="addAdressOrNot()[pri:0, instance:com.ShoppersStack_Akash.Verify_user_is_able_to_add_adress_or_not@40a4337a]" started-at="2024-07-30T12:15:24 IST" name="addAdressOrNot" finished-at="2024-07-30T12:15:33 IST" duration-ms="9451" status="PASS">
          <reporter-output>
          </reporter-output>
        </test-method> <!-- addAdressOrNot -->
        <test-method is-config="true" signature="afterMethod()[pri:0, instance:com.ShoppersStack_Akash.Verify_user_is_able_to_add_adress_or_not@40a4337a]" started-at="2024-07-30T12:15:33 IST" name="afterMethod" finished-at="2024-07-30T12:15:34 IST" duration-ms="648" status="PASS">
          <reporter-output>
          </reporter-output>
        </test-method> <!-- afterMethod -->
        <test-method is-config="true" signature="afterClass()[pri:0, instance:com.ShoppersStack_Akash.Verify_user_is_able_to_add_adress_or_not@40a4337a]" started-at="2024-07-30T12:15:34 IST" name="afterClass" finished-at="2024-07-30T12:15:37 IST" duration-ms="3317" status="PASS">
          <reporter-output>
          </reporter-output>
        </test-method> <!-- afterClass -->
        <test-method is-config="true" signature="afterTest()[pri:0, instance:com.ShoppersStack_Akash.Verify_user_is_able_to_add_adress_or_not@40a4337a]" started-at="2024-07-30T12:15:37 IST" name="afterTest" finished-at="2024-07-30T12:15:38 IST" duration-ms="687" status="PASS">
          <reporter-output>
          </reporter-output>
        </test-method> <!-- afterTest -->
        <test-method is-config="true" signature="aftersuite()[pri:0, instance:com.ShoppersStack_Akash.Verify_user_is_able_to_add_adress_or_not@40a4337a]" started-at="2024-07-30T12:15:38 IST" name="aftersuite" finished-at="2024-07-30T12:15:38 IST" duration-ms="6" status="PASS">
          <reporter-output>
          </reporter-output>
        </test-method> <!-- aftersuite -->
      </class> <!-- com.ShoppersStack_Akash.Verify_user_is_able_to_add_adress_or_not -->
    </test> <!-- Default test -->
  </suite> <!-- Default suite -->
</testng-results>
